{
  "RSpec": {
    "coverage": {
      "/Users/george/Dropbox/Projects/Final Project/ignite_it/ignite/app/models/user.rb": [
        1,
        1,
        null,
        1,
        null,
        null,
        1,
        null,
        1,
        null,
        null,
        null,
        null,
        null,
        1,
        null,
        1,
        1,
        null,
        1,
        1,
        1,
        1,
        null,
        0,
        null,
        null,
        null,
        1,
        0,
        0,
        0,
        0,
        0,
        null,
        null,
        null,
        1,
        46,
        46,
        0,
        null,
        null,
        null,
        null
      ],
      "/Users/george/Dropbox/Projects/Final Project/ignite_it/ignite/app/helpers/application_helper.rb": [
        1,
        null
      ],
      "/Users/george/Dropbox/Projects/Final Project/ignite_it/ignite/app/helpers/projects_helper.rb": [
        1,
        null
      ],
      "/Users/george/Dropbox/Projects/Final Project/ignite_it/ignite/app/models/project.rb": [
        1,
        1,
        1,
        1,
        1,
        null,
        1,
        null,
        1,
        15,
        14,
        null,
        null,
        null
      ],
      "/Users/george/Dropbox/Projects/Final Project/ignite_it/ignite/app/controllers/projects_controller.rb": [
        1,
        1,
        null,
        1,
        83,
        null,
        null,
        1,
        15,
        null,
        null,
        1,
        15,
        15,
        15,
        15,
        10,
        null,
        5,
        null,
        null,
        null,
        1,
        16,
        16,
        null,
        null,
        1,
        1,
        null,
        null,
        1,
        1,
        1,
        1,
        1,
        null,
        null,
        1,
        2,
        2,
        1,
        1,
        1,
        null,
        1,
        1,
        null,
        null,
        null,
        1,
        31,
        null,
        null
      ],
      "/Users/george/Dropbox/Projects/Final Project/ignite_it/ignite/app/controllers/application_controller.rb": [
        1,
        null,
        null,
        1,
        null,
        1,
        null,
        1,
        null,
        1,
        73,
        51,
        50,
        null,
        null
      ]
    },
    "timestamp": 1432049123
  }
}
