{
  "RSpec": {
    "coverage": {
      "/Users/paulwallis/Projects/final_project/ignite_it/ignite/app/models/user.rb": [
        1,
        1,
        null,
        1,
        null,
        null,
        1,
        null,
        1,
        null,
        null,
        null,
        null,
        null,
        1,
        null,
        1,
        1,
        null,
        1,
        1,
        1,
        1,
        null,
        0,
        null,
        null,
        null,
        1,
        0,
        0,
        0,
        0,
        0,
        null,
        null,
        null,
        1,
        50,
        50,
        0,
        null,
        null,
        null,
        null
      ],
      "/Users/paulwallis/Projects/final_project/ignite_it/ignite/app/helpers/application_helper.rb": [
        1,
        null
      ],
      "/Users/paulwallis/Projects/final_project/ignite_it/ignite/app/helpers/projects_helper.rb": [
        1,
        null
      ],
      "/Users/paulwallis/Projects/final_project/ignite_it/ignite/app/models/project.rb": [
        1,
        1,
        1,
        1,
        1,
        null,
        1,
        null,
        1,
        16,
        15,
        null,
        null,
        null
      ],
      "/Users/paulwallis/Projects/final_project/ignite_it/ignite/app/controllers/projects_controller.rb": [
        1,
        1,
        null,
        1,
        92,
        null,
        null,
        1,
        16,
        null,
        null,
        1,
        16,
        16,
        16,
        16,
        11,
        null,
        5,
        null,
        null,
        null,
        1,
        18,
        18,
        null,
        null,
        1,
        2,
        2,
        1,
        1,
        null,
        null,
        null,
        1,
        1,
        1,
        1,
        1,
        null,
        null,
        1,
        2,
        2,
        1,
        1,
        1,
        null,
        1,
        1,
        null,
        null,
        null,
        1,
        33,
        null,
        null
      ],
      "/Users/paulwallis/Projects/final_project/ignite_it/ignite/app/controllers/application_controller.rb": [
        1,
        null,
        null,
        1,
        null,
        1,
        null,
        1,
        null,
        1,
        80,
        56,
        55,
        null,
        null
      ]
    },
    "timestamp": 1432050701
  }
}
